<?xml version="1.0" encoding="UTF-8"?>
<testsuite xmlns:xsi="http://www.w3.org/2001/XMLSchema-instance" xsi:noNamespaceSchemaLocation="https://maven.apache.org/surefire/maven-surefire-plugin/xsd/surefire-test-report-3.0.xsd" version="3.0" name="NodeTest" time="2.008" tests="1" errors="0" skipped="0" failures="0">
  <properties>
[...]
</properties>
  <testcase name="p2pTest" classname="NodeTest" time="2.008">
    <system-out><![CDATA[Success: success: 1611023388332
ip: localhost -- port: 52326
msg: [B@7ac869ae
Hello
Success: success: 1611023388334
]]></system-out>
  </testcase>
</testsuite>